<?xml version="1.0" encoding="UTF-8"?>
<!-- Generated by org.testng.reporters.JUnitReportReporter -->
<testsuite hostname="DESKTOP-A25E2NF" failures="0" tests="1" name="tests.LoginTest" time="4.139" errors="0" timestamp="2022-11-26T01:38:02 IST" skipped="0">
  <testcase classname="tests.LoginTest" name="login" time="4.139"/>
  <system-out/>
</testsuite> <!-- tests.LoginTest -->
